2025-08-28 20:47:01 Loading main app package /usr/lib/obsidian/obsidian.asar
2025-08-28 20:47:02 Checking for update using Github
2025-08-28 20:47:05 Success.
2025-08-28 20:47:05 Latest version is 1.9.12
2025-08-28 20:47:05 App is up to date.
2025-08-28 20:56:50 Loading main app package /usr/lib/obsidian/obsidian.asar
2025-08-28 20:56:50 Checking for update using Github
2025-08-28 20:56:51 Success.
2025-08-28 20:56:51 Latest version is 1.9.12
2025-08-28 20:56:51 App is up to date.
2025-08-29 20:32:30 Loading main app package /usr/lib/obsidian/obsidian.asar
2025-08-29 20:32:35 Checking for update using Github
2025-08-29 20:32:36 Success.
2025-08-29 20:32:36 Latest version is 1.9.12
2025-08-29 20:32:36 App is up to date.
2025-08-30 10:06:36 Loading main app package /usr/lib/obsidian/obsidian.asar
2025-08-30 10:06:37 Checking for update using Github
2025-08-30 10:06:39 Success.
2025-08-30 10:06:39 Latest version is 1.9.12
2025-08-30 10:06:39 App is up to date.
2025-08-30 14:31:30 Loading main app package /usr/lib/obsidian/obsidian.asar
2025-08-30 14:31:31 Checking for update using Github
2025-08-30 14:31:33 Success.
2025-08-30 14:31:33 Latest version is 1.9.12
2025-08-30 14:31:33 App is up to date.
2025-08-30 14:39:20 Loading main app package /usr/lib/obsidian/obsidian.asar
2025-08-30 14:39:20 Checking for update using Github
2025-08-30 14:39:20 Success.
2025-08-30 14:39:20 Latest version is 1.9.12
2025-08-30 14:39:20 App is up to date.
2025-08-30 18:40:39 Loading main app package /usr/lib/obsidian/obsidian.asar
2025-08-30 18:40:40 Checking for update using Github
2025-08-30 18:40:41 Success.
2025-08-30 18:40:41 Latest version is 1.9.12
2025-08-30 18:40:41 App is up to date.
2025-08-30 18:46:04 Loading main app package /usr/lib/obsidian/obsidian.asar
2025-08-30 18:46:04 Checking for update using Github
2025-08-30 18:46:05 Success.
2025-08-30 18:46:05 Latest version is 1.9.12
2025-08-30 18:46:05 App is up to date.
2025-09-01 05:55:58 Loading main app package /usr/lib/obsidian/obsidian.asar
2025-09-01 05:56:04 Checking for update using Github
2025-09-01 05:56:05 Failed to check for update using Github (net::ERR_INTERNET_DISCONNECTED)
2025-09-01 05:56:05 Checking for update using obsidian.md
2025-09-01 05:56:05 Failed to check for update using obsidian.md (net::ERR_INTERNET_DISCONNECTED)
2025-09-01 06:37:40 Loading main app package /usr/lib/obsidian/obsidian.asar
2025-09-01 06:37:40 Checking for update using Github
2025-09-01 06:44:47 Loading main app package /usr/lib/obsidian/obsidian.asar
2025-09-01 06:44:47 Checking for update using Github
2025-09-01 06:44:47 Success.
2025-09-01 06:44:47 Latest version is 1.9.12
2025-09-01 06:44:47 App is up to date.
2025-09-01 06:47:47 Loading main app package /usr/lib/obsidian/obsidian.asar
2025-09-01 06:47:47 Checking for update using Github
2025-09-01 06:47:47 Success.
2025-09-01 06:47:47 Latest version is 1.9.12
2025-09-01 06:47:47 App is up to date.
2025-09-01 06:50:03 Loading main app package /usr/lib/obsidian/obsidian.asar
2025-09-01 06:50:03 Checking for update using Github
2025-09-01 06:50:03 Success.
2025-09-01 06:50:03 Latest version is 1.9.12
2025-09-01 06:50:03 App is up to date.
2025-09-01 07:03:17 Loading main app package /usr/lib/obsidian/obsidian.asar
2025-09-01 07:03:22 Checking for update using Github
2025-09-01 07:03:23 Loading main app package /usr/lib/obsidian/obsidian.asar
2025-09-01 07:03:23 Checking for update using Github
2025-09-01 07:03:25 Success.
2025-09-01 07:03:25 Latest version is 1.9.12
2025-09-01 07:03:25 App is up to date.
2025-09-01 07:15:26 Loading main app package /usr/lib/obsidian/obsidian.asar
2025-09-01 07:15:26 Checking for update using Github
2025-09-01 07:15:29 Success.
2025-09-01 07:15:29 Latest version is 1.9.12
2025-09-01 07:15:29 App is up to date.
2025-09-01 07:16:29 Loading main app package /usr/lib/obsidian/obsidian.asar
2025-09-01 07:16:30 Checking for update using Github
2025-09-01 07:16:30 Success.
2025-09-01 07:16:30 Latest version is 1.9.12
2025-09-01 07:16:30 App is up to date.
2025-09-01 07:18:55 Loading main app package /usr/lib/obsidian/obsidian.asar
2025-09-01 07:18:55 Checking for update using Github
2025-09-01 07:19:07 Loading main app package /usr/lib/obsidian/obsidian.asar
2025-09-01 07:19:07 Checking for update using Github
2025-09-01 07:19:07 Success.
2025-09-01 07:19:07 Latest version is 1.9.12
2025-09-01 07:19:07 App is up to date.
2025-09-01 07:40:35 Loading main app package /usr/lib/obsidian/obsidian.asar
2025-09-01 07:40:35 Checking for update using Github
2025-09-01 07:41:25 Failed to check for update using Github (net::ERR_NAME_NOT_RESOLVED)
2025-09-01 07:41:25 Checking for update using obsidian.md
2025-09-01 07:42:04 Failed to check for update using obsidian.md (Unexpected end of JSON input)
2025-09-01 08:40:35 Checking for update using Github
2025-09-01 08:40:35 Success.
2025-09-01 08:40:35 Latest version is 1.9.12
2025-09-01 08:40:35 App is up to date.
2025-09-02 07:37:05 Loading main app package /usr/lib/obsidian/obsidian.asar
2025-09-02 07:37:10 Checking for update using Github
2025-09-02 07:37:12 Success.
2025-09-02 07:37:12 Latest version is 1.9.12
2025-09-02 07:37:12 App is up to date.
2025-09-02 07:39:53 Loading main app package /usr/lib/obsidian/obsidian.asar
2025-09-02 07:39:54 Checking for update using Github
2025-09-02 07:39:54 Success.
2025-09-02 07:39:54 Latest version is 1.9.12
2025-09-02 07:39:54 App is up to date.
2025-09-02 14:20:51 Loading main app package /usr/lib/obsidian/obsidian.asar
2025-09-02 14:20:55 Checking for update using Github
2025-09-02 14:20:57 Success.
2025-09-02 14:20:57 Latest version is 1.9.12
2025-09-02 14:20:57 App is up to date.
2025-09-02 20:11:29 Loading main app package /usr/lib/obsidian/obsidian.asar
2025-09-02 20:11:35 Checking for update using Github
2025-09-02 20:11:37 Success.
2025-09-02 20:11:37 Latest version is 1.9.12
2025-09-02 20:11:37 App is up to date.
2025-09-02 20:53:23 Loading main app package /usr/lib/obsidian/obsidian.asar
2025-09-02 20:53:23 Checking for update using Github
2025-09-02 20:53:24 Success.
2025-09-02 20:53:24 Latest version is 1.9.12
2025-09-02 20:53:24 App is up to date.
2025-09-02 20:56:04 Loading main app package /usr/lib/obsidian/obsidian.asar
2025-09-02 20:56:04 Checking for update using Github
2025-09-02 20:56:04 Success.
2025-09-02 20:56:04 Latest version is 1.9.12
2025-09-02 20:56:04 App is up to date.
2025-09-02 20:57:21 Loading main app package /usr/lib/obsidian/obsidian.asar
2025-09-02 20:57:21 Checking for update using Github
2025-09-02 20:57:21 Success.
2025-09-02 20:57:21 Latest version is 1.9.12
2025-09-02 20:57:21 App is up to date.
2025-09-02 20:57:58 Loading main app package /usr/lib/obsidian/obsidian.asar
2025-09-02 20:57:58 Checking for update using Github
2025-09-02 20:57:58 Success.
2025-09-02 20:57:58 Latest version is 1.9.12
2025-09-02 20:57:58 App is up to date.
2025-09-02 20:59:22 Loading main app package /usr/lib/obsidian/obsidian.asar
2025-09-02 20:59:22 Checking for update using Github
2025-09-02 20:59:22 Success.
2025-09-02 20:59:22 Latest version is 1.9.12
2025-09-02 20:59:22 App is up to date.
2025-09-03 16:31:51 Loading main app package /usr/lib/obsidian/obsidian.asar
2025-09-03 16:31:55 Checking for update using Github
2025-09-03 16:31:57 Success.
2025-09-03 16:31:57 Latest version is 1.9.12
2025-09-03 16:31:57 App is up to date.
2025-09-03 19:01:24 Loading main app package /usr/lib/obsidian/obsidian.asar
2025-09-03 19:01:28 Checking for update using Github
2025-09-03 19:01:29 Success.
2025-09-03 19:01:29 Latest version is 1.9.12
2025-09-03 19:01:29 App is up to date.
2025-09-03 19:01:31 Loading main app package /usr/lib/obsidian/obsidian.asar
2025-09-03 19:01:31 Checking for update using Github
2025-09-04 13:10:04 Loading main app package /usr/lib/obsidian/obsidian.asar
2025-09-04 13:10:09 Checking for update using Github
2025-09-04 13:10:10 Success.
2025-09-04 13:10:10 Latest version is 1.9.12
2025-09-04 13:10:10 App is up to date.
2025-09-04 14:10:04 Checking for update using Github
2025-09-04 14:10:05 Success.
2025-09-04 14:10:05 Latest version is 1.9.12
2025-09-04 14:10:05 App is up to date.
2025-09-04 15:10:04 Checking for update using Github
2025-09-04 15:10:05 Success.
2025-09-04 15:10:05 Latest version is 1.9.12
2025-09-04 15:10:05 App is up to date.
2025-09-04 16:10:04 Checking for update using Github
2025-09-04 16:10:06 Success.
2025-09-04 16:10:06 Latest version is 1.9.12
2025-09-04 16:10:06 App is up to date.
2025-09-04 17:59:07 Checking for update using Github
2025-09-04 17:59:08 Success.
2025-09-04 17:59:08 Latest version is 1.9.12
2025-09-04 17:59:08 App is up to date.
2025-09-04 21:13:01 Checking for update using Github
2025-09-04 21:13:01 Success.
2025-09-04 21:13:01 Latest version is 1.9.12
2025-09-04 21:13:01 App is up to date.
2025-09-04 22:13:01 Checking for update using Github
2025-09-04 22:13:01 Success.
2025-09-04 22:13:01 Latest version is 1.9.12
2025-09-04 22:13:01 App is up to date.
2025-09-04 22:19:58 Loading main app package /usr/lib/obsidian/obsidian.asar
2025-09-04 22:19:59 Checking for update using Github
2025-09-04 22:20:00 Success.
2025-09-04 22:20:00 Latest version is 1.9.12
2025-09-04 22:20:00 App is up to date.
2025-09-05 06:09:29 Loading main app package /usr/lib/obsidian/obsidian.asar
2025-09-05 06:09:35 Checking for update using Github
2025-09-05 06:09:38 Success.
2025-09-05 06:09:38 Latest version is 1.9.12
2025-09-05 06:09:38 App is up to date.
2025-09-05 07:09:29 Checking for update using Github
2025-09-05 07:09:29 Success.
2025-09-05 07:09:29 Latest version is 1.9.12
2025-09-05 07:09:29 App is up to date.
2025-09-05 08:29:50 Loading main app package /usr/lib/obsidian/obsidian.asar
2025-09-05 08:29:56 Checking for update using Github
2025-09-05 08:30:02 Success.
2025-09-05 08:30:02 Latest version is 1.9.12
2025-09-05 08:30:02 App is up to date.
2025-09-05 08:30:11 Loading main app package /usr/lib/obsidian/obsidian.asar
2025-09-05 08:30:11 Checking for update using Github
2025-09-05 11:07:47 Checking for update using Github
2025-09-05 11:07:47 Success.
2025-09-05 11:07:47 Latest version is 1.9.12
2025-09-05 11:07:47 App is up to date.
2025-09-05 20:14:48 Loading main app package /usr/lib/obsidian/obsidian.asar
2025-09-05 20:14:53 Checking for update using Github
2025-09-05 20:14:54 Success.
2025-09-05 20:14:54 Latest version is 1.9.12
2025-09-05 20:14:54 App is up to date.
2025-09-06 18:26:45 Loading main app package /usr/lib/obsidian/obsidian.asar
2025-09-06 18:26:51 Checking for update using Github
2025-09-06 18:26:52 Success.
2025-09-06 18:26:52 Latest version is 1.9.12
2025-09-06 18:26:52 App is up to date.
2025-09-06 19:26:46 Checking for update using Github
2025-09-06 19:26:46 Success.
2025-09-06 19:26:46 Latest version is 1.9.12
2025-09-06 19:26:46 App is up to date.
2025-09-06 20:26:46 Checking for update using Github
2025-09-06 20:26:46 Success.
2025-09-06 20:26:46 Latest version is 1.9.12
2025-09-06 20:26:46 App is up to date.
2025-09-06 21:14:48 Loading main app package /usr/lib/obsidian/obsidian.asar
2025-09-06 21:14:49 Checking for update using Github
2025-09-06 21:14:49 Success.
2025-09-06 21:14:49 Latest version is 1.9.12
2025-09-06 21:14:49 App is up to date.
2025-09-07 10:04:48 Loading main app package /usr/lib/obsidian/obsidian.asar
2025-09-07 10:04:53 Checking for update using Github
2025-09-07 10:04:54 Success.
2025-09-07 10:04:54 Latest version is 1.9.12
2025-09-07 10:04:54 App is up to date.
